Using pre-set license
Built from '2020.3/staging' branch; Version is '2020.3.13f1 (71691879b7f5) revision 7432472'; Using compiler version '192528614'; Build Type 'Release'
OS: 'Windows 10 Pro; OS build 19041.264; Version 2004; 64bit' Language: 'en' Physical Memory: 8097 MB
BatchMode: 1, IsHumanControllingUs: 0, StartBugReporterOnCrash: 0, Is64bit: 1, IsPro: 0

 COMMAND LINE ARGUMENTS:
C:\Program Files\Unity\Hub\Editor\2020.3.13f1\Editor\Unity.exe
-adb2
-batchMode
-noUpm
-name
AssetImportWorker0
-projectPath
C:/Users/mr.William/Documents/GitHub/Group-3-Infinite-Runner
-logFile
Logs/AssetImportWorker0.log
-srvPort
63730
Successfully changed project path to: C:/Users/mr.William/Documents/GitHub/Group-3-Infinite-Runner
C:/Users/mr.William/Documents/GitHub/Group-3-Infinite-Runner
Using Asset Import Pipeline V2.
Refreshing native plugins compatible for Editor in 78.17 ms, found 3 plugins.
Preloading 0 native plugins for Editor in 0.00 ms.
Initialize engine version: 2020.3.13f1 (71691879b7f5)
[Subsystems] Discovering subsystems at path C:/Program Files/Unity/Hub/Editor/2020.3.13f1/Editor/Data/Resources/UnitySubsystems
[Subsystems] Discovering subsystems at path C:/Users/mr.William/Documents/GitHub/Group-3-Infinite-Runner/Assets
GfxDevice: creating device client; threaded=0
Direct3D:
    Version:  Direct3D 11.0 [level 11.1]
    Renderer: Intel(R) HD Graphics Family (ID=0xa16)
    Vendor:   
    VRAM:     2048 MB
    Driver:   20.19.15.5063
Initialize mono
Mono path[0] = 'C:/Program Files/Unity/Hub/Editor/2020.3.13f1/Editor/Data/Managed'
Mono path[1] = 'C:/Program Files/Unity/Hub/Editor/2020.3.13f1/Editor/Data/MonoBleedingEdge/lib/mono/unityjit'
Mono config path = 'C:/Program Files/Unity/Hub/Editor/2020.3.13f1/Editor/Data/MonoBleedingEdge/etc'
Using monoOptions --debugger-agent=transport=dt_socket,embedding=1,server=y,suspend=n,address=127.0.0.1:56056
Begin MonoManager ReloadAssembly
Registering precompiled unity dll's ...
Register platform support module: C:/Program Files/Unity/Hub/Editor/2020.3.13f1/Editor/Data/PlaybackEngines/WindowsStandaloneSupport/UnityEditor.WindowsStandalone.Extensions.dll
Registered in 0.003186 seconds.
Native extension for WindowsStandalone target not found
Refreshing native plugins compatible for Editor in 62.41 ms, found 3 plugins.
Preloading 0 native plugins for Editor in 0.00 ms.
Mono: successfully reloaded assembly
- Completed reload, in  1.900 seconds
Platform modules already initialized, skipping
Registering precompiled user dll's ...
Registered in 0.006349 seconds.
Begin MonoManager ReloadAssembly
Native extension for WindowsStandalone target not found
Refreshing native plugins compatible for Editor in 58.47 ms, found 3 plugins.
Preloading 0 native plugins for Editor in 0.00 ms.
Mono: successfully reloaded assembly
- Completed reload, in  1.822 seconds
Platform modules already initialized, skipping
========================================================================
Worker process is ready to serve import requests
Launched and connected shader compiler UnityShaderCompiler.exe after 0.07 seconds
Refreshing native plugins compatible for Editor in 0.60 ms, found 3 plugins.
Preloading 0 native plugins for Editor in 0.00 ms.
Unloading 2093 Unused Serialized files (Serialized files now loaded: 0)
System memory in use before: 93.2 MB.
System memory in use after: 93.3 MB.

Unloading 28 unused Assets to reduce memory usage. Loaded Objects now: 2532.
Total: 3.259500 ms (FindLiveObjects: 0.298400 ms CreateObjectMapping: 0.227600 ms MarkObjects: 2.645800 ms  DeleteObjects: 0.086300 ms)

AssetImportParameters requested are different than current active one (requested -> active):
  custom:framework-win-MediaFoundation: 216162199b28c13a410421893ffa2e32 -> 
  custom:video-decoder-ogg-theora: a1e56fd34408186e4bbccfd4996cb3dc -> 
  custom:container-muxer-webm: aa71ff27fc2769a1b78a27578f13a17b -> 
  custom:container-demuxer-webm: 4f35f7cbe854078d1ac9338744f61a02 -> 
  custom:container-demuxer-ogg: 62fdf1f143b41e24485cea50d1cbac27 -> 
  custom:video-encoder-webm-vp8: eb34c28f22e8b96e1ab97ce403110664 -> 
  custom:video-decoder-webm-vp8: 9c59270c3fd7afecdb556c50c9e8de78 -> 
  custom:audio-decoder-ogg-vorbis: bf7c407c2cedff20999df2af8eb42d56 -> 
  custom:audio-encoder-webm-vorbis: bf7c407c2cedff20999df2af8eb42d56 -> 
========================================================================
Received Prepare
Refreshing native plugins compatible for Editor in 8.95 ms, found 3 plugins.
Preloading 0 native plugins for Editor in 0.00 ms.
Unloading 14 Unused Serialized files (Serialized files now loaded: 0)
System memory in use before: 51.6 MB.
System memory in use after: 51.7 MB.

Unloading 14 unused Assets to reduce memory usage. Loaded Objects now: 2532.
Total: 3.711100 ms (FindLiveObjects: 0.283700 ms CreateObjectMapping: 0.403200 ms MarkObjects: 2.990400 ms  DeleteObjects: 0.032300 ms)

AssetImportParameters requested are different than current active one (requested -> active):
  custom:framework-win-MediaFoundation: 216162199b28c13a410421893ffa2e32 -> 
  custom:video-decoder-ogg-theora: a1e56fd34408186e4bbccfd4996cb3dc -> 
  custom:container-muxer-webm: aa71ff27fc2769a1b78a27578f13a17b -> 
  custom:container-demuxer-webm: 4f35f7cbe854078d1ac9338744f61a02 -> 
  custom:container-demuxer-ogg: 62fdf1f143b41e24485cea50d1cbac27 -> 
  custom:video-encoder-webm-vp8: eb34c28f22e8b96e1ab97ce403110664 -> 
  custom:video-decoder-webm-vp8: 9c59270c3fd7afecdb556c50c9e8de78 -> 
  custom:audio-decoder-ogg-vorbis: bf7c407c2cedff20999df2af8eb42d56 -> 
  custom:audio-encoder-webm-vorbis: bf7c407c2cedff20999df2af8eb42d56 -> 
========================================================================
Received Import Request.
  path: Assets/Nicholas/Scenes/Working Prototype.unity
  artifactKey: Guid(e952b2e0124c40e468e5fe803202c33c) Importer(815301076,1909f56bfc062723c751e8b465ee728b)
Start importing Assets/Nicholas/Scenes/Working Prototype.unity using Guid(e952b2e0124c40e468e5fe803202c33c) Importer(815301076,1909f56bfc062723c751e8b465ee728b)  -> (artifact id: '1d5beb07e714ea5085c21cb02d579535') in 0.072898 seconds 
  Import took 0.082136 seconds .

========================================================================
Received Import Request.
  Time since last request: 7.298760 seconds.
  path: Assets/Nicholas/Scenes/Main.unity
  artifactKey: Guid(d444420065e228d42b34b0cd88d7f733) Importer(815301076,1909f56bfc062723c751e8b465ee728b)
Start importing Assets/Nicholas/Scenes/Main.unity using Guid(d444420065e228d42b34b0cd88d7f733) Importer(815301076,1909f56bfc062723c751e8b465ee728b)  -> (artifact id: '638acc74fa0a25d65d3f0d88f8f67c58') in 0.016700 seconds 
  Import took 0.024267 seconds .

========================================================================
Received Import Request.
  Time since last request: 0.001733 seconds.
  path: Assets/Nicholas/Scenes/Main.unity
  artifactKey: Guid(d444420065e228d42b34b0cd88d7f733) Importer(815301076,1909f56bfc062723c751e8b465ee728b)
Start importing Assets/Nicholas/Scenes/Main.unity using Guid(d444420065e228d42b34b0cd88d7f733) Importer(815301076,1909f56bfc062723c751e8b465ee728b)  -> (artifact id: '638acc74fa0a25d65d3f0d88f8f67c58') in 0.005364 seconds 
  Import took 0.015606 seconds .

========================================================================
Received Prepare
Registering precompiled user dll's ...
Registered in 0.008506 seconds.
Begin MonoManager ReloadAssembly
Native extension for WindowsStandalone target not found
Refreshing native plugins compatible for Editor in 0.63 ms, found 3 plugins.
Preloading 0 native plugins for Editor in 0.00 ms.
Mono: successfully reloaded assembly
- Completed reload, in  2.099 seconds
Platform modules already initialized, skipping
Refreshing native plugins compatible for Editor in 0.93 ms, found 3 plugins.
Preloading 0 native plugins for Editor in 0.00 ms.
Unloading 2083 Unused Serialized files (Serialized files now loaded: 0)
System memory in use before: 92.7 MB.
System memory in use after: 92.8 MB.

Unloading 16 unused Assets to reduce memory usage. Loaded Objects now: 2535.
Total: 3.798200 ms (FindLiveObjects: 0.312400 ms CreateObjectMapping: 0.594400 ms MarkObjects: 2.858100 ms  DeleteObjects: 0.031800 ms)

AssetImportParameters requested are different than current active one (requested -> active):
  custom:framework-win-MediaFoundation: 216162199b28c13a410421893ffa2e32 -> 
  custom:video-decoder-ogg-theora: a1e56fd34408186e4bbccfd4996cb3dc -> 
  custom:container-muxer-webm: aa71ff27fc2769a1b78a27578f13a17b -> 
  custom:container-demuxer-webm: 4f35f7cbe854078d1ac9338744f61a02 -> 
  custom:container-demuxer-ogg: 62fdf1f143b41e24485cea50d1cbac27 -> 
  custom:video-encoder-webm-vp8: eb34c28f22e8b96e1ab97ce403110664 -> 
  custom:video-decoder-webm-vp8: 9c59270c3fd7afecdb556c50c9e8de78 -> 
  custom:audio-decoder-ogg-vorbis: bf7c407c2cedff20999df2af8eb42d56 -> 
  custom:audio-encoder-webm-vorbis: bf7c407c2cedff20999df2af8eb42d56 -> 
========================================================================
Received Prepare
Registering precompiled user dll's ...
Registered in 0.007361 seconds.
Begin MonoManager ReloadAssembly
Native extension for WindowsStandalone target not found
Refreshing native plugins compatible for Editor in 0.63 ms, found 3 plugins.
Preloading 0 native plugins for Editor in 0.00 ms.
Mono: successfully reloaded assembly
- Completed reload, in  1.648 seconds
Platform modules already initialized, skipping
Refreshing native plugins compatible for Editor in 0.67 ms, found 3 plugins.
Preloading 0 native plugins for Editor in 0.00 ms.
Unloading 2083 Unused Serialized files (Serialized files now loaded: 0)
System memory in use before: 92.7 MB.
System memory in use after: 92.8 MB.

Unloading 16 unused Assets to reduce memory usage. Loaded Objects now: 2538.
Total: 3.483800 ms (FindLiveObjects: 0.306900 ms CreateObjectMapping: 0.210800 ms MarkObjects: 2.938300 ms  DeleteObjects: 0.026500 ms)

AssetImportParameters requested are different than current active one (requested -> active):
  custom:framework-win-MediaFoundation: 216162199b28c13a410421893ffa2e32 -> 
  custom:video-decoder-ogg-theora: a1e56fd34408186e4bbccfd4996cb3dc -> 
  custom:container-muxer-webm: aa71ff27fc2769a1b78a27578f13a17b -> 
  custom:container-demuxer-webm: 4f35f7cbe854078d1ac9338744f61a02 -> 
  custom:container-demuxer-ogg: 62fdf1f143b41e24485cea50d1cbac27 -> 
  custom:video-encoder-webm-vp8: eb34c28f22e8b96e1ab97ce403110664 -> 
  custom:video-decoder-webm-vp8: 9c59270c3fd7afecdb556c50c9e8de78 -> 
  custom:audio-decoder-ogg-vorbis: bf7c407c2cedff20999df2af8eb42d56 -> 
  custom:audio-encoder-webm-vorbis: bf7c407c2cedff20999df2af8eb42d56 -> 
========================================================================
Received Import Request.
  Time since last request: 8126.948684 seconds.
  path: Assets/Jakob/Images/Start Screen Img.jpg
  artifactKey: Guid(d01db47c31eba1340b58146d8d668cc6) Importer(815301076,1909f56bfc062723c751e8b465ee728b)
Start importing Assets/Jakob/Images/Start Screen Img.jpg using Guid(d01db47c31eba1340b58146d8d668cc6) Importer(815301076,1909f56bfc062723c751e8b465ee728b)  -> (artifact id: '617cbbf42045ed7bebdefe14521e82a6') in 0.655438 seconds 
  Import took 0.676525 seconds .

========================================================================
Received Import Request.
  Time since last request: 8.112286 seconds.
  path: Assets/Jakob/Images/Galaxy Menu screen.png
  artifactKey: Guid(e7f2d16ecd748b24dac53f1f81ccf958) Importer(815301076,1909f56bfc062723c751e8b465ee728b)
Start importing Assets/Jakob/Images/Galaxy Menu screen.png using Guid(e7f2d16ecd748b24dac53f1f81ccf958) Importer(815301076,1909f56bfc062723c751e8b465ee728b)  -> (artifact id: 'fbdadac5ab0e6148bc06a7cdccc036c1') in 0.041311 seconds 
  Import took 0.063988 seconds .

========================================================================
Received Import Request.
  Time since last request: 0.004884 seconds.
  path: Assets/Jakob/Images/Galaxy Menu screen.png
  artifactKey: Guid(e7f2d16ecd748b24dac53f1f81ccf958) Importer(815301076,1909f56bfc062723c751e8b465ee728b)
Start importing Assets/Jakob/Images/Galaxy Menu screen.png using Guid(e7f2d16ecd748b24dac53f1f81ccf958) Importer(815301076,1909f56bfc062723c751e8b465ee728b)  -> (artifact id: 'fbdadac5ab0e6148bc06a7cdccc036c1') in 0.036978 seconds 
  Import took 0.045757 seconds .

========================================================================
Received Import Request.
  Time since last request: 0.123521 seconds.
  path: Assets/Jakob/Images/asteroid 8.png
  artifactKey: Guid(77b980941089d3e4a911cc5e2195bebd) Importer(815301076,1909f56bfc062723c751e8b465ee728b)
Start importing Assets/Jakob/Images/asteroid 8.png using Guid(77b980941089d3e4a911cc5e2195bebd) Importer(815301076,1909f56bfc062723c751e8b465ee728b)  -> (artifact id: 'e74cb0ce86f3f98d407b68a9d00eecd2') in 0.034665 seconds 
  Import took 0.042752 seconds .

========================================================================
Received Import Request.
  Time since last request: 0.215272 seconds.
  path: Assets/Jakob/Images/asteroid 6.png
  artifactKey: Guid(a716cb60a78429a408dffcff16cc2455) Importer(815301076,1909f56bfc062723c751e8b465ee728b)
Start importing Assets/Jakob/Images/asteroid 6.png using Guid(a716cb60a78429a408dffcff16cc2455) Importer(815301076,1909f56bfc062723c751e8b465ee728b)  -> (artifact id: 'e88f8f0454d2533727b85495c9b0dce2') in 0.029730 seconds 
  Import took 0.036799 seconds .

========================================================================
Received Import Request.
  Time since last request: 0.000737 seconds.
  path: Assets/Jakob/Images/asteroid 7.png
  artifactKey: Guid(32e755a57e71f3a4c93aa8d065833d9d) Importer(815301076,1909f56bfc062723c751e8b465ee728b)
Start importing Assets/Jakob/Images/asteroid 7.png using Guid(32e755a57e71f3a4c93aa8d065833d9d) Importer(815301076,1909f56bfc062723c751e8b465ee728b)  -> (artifact id: '218860069bd6543cd36024da1b112214') in 0.031150 seconds 
  Import took 0.054160 seconds .

========================================================================
Received Import Request.
  Time since last request: 0.000301 seconds.
  path: Assets/Jakob/Images/asteroid 6.png
  artifactKey: Guid(a716cb60a78429a408dffcff16cc2455) Importer(815301076,1909f56bfc062723c751e8b465ee728b)
Start importing Assets/Jakob/Images/asteroid 6.png using Guid(a716cb60a78429a408dffcff16cc2455) Importer(815301076,1909f56bfc062723c751e8b465ee728b)  -> (artifact id: 'e88f8f0454d2533727b85495c9b0dce2') in 0.026521 seconds 
  Import took 0.033486 seconds .

========================================================================
Received Import Request.
  Time since last request: 0.008217 seconds.
  path: Assets/Jakob/Images/asteroid 4.png
  artifactKey: Guid(9fc3c9c3587377547856a69f0f6a4d1d) Importer(815301076,1909f56bfc062723c751e8b465ee728b)
Start importing Assets/Jakob/Images/asteroid 4.png using Guid(9fc3c9c3587377547856a69f0f6a4d1d) Importer(815301076,1909f56bfc062723c751e8b465ee728b)  -> (artifact id: 'd551e6a09a68b7117440767dc928bdac') in 0.041783 seconds 
  Import took 0.062061 seconds .

========================================================================
Received Import Request.
  Time since last request: 0.000316 seconds.
  path: Assets/Jakob/Images/asteroid 5.png
  artifactKey: Guid(01c60cf88b4161843987dd57fa90b561) Importer(815301076,1909f56bfc062723c751e8b465ee728b)
Start importing Assets/Jakob/Images/asteroid 5.png using Guid(01c60cf88b4161843987dd57fa90b561) Importer(815301076,1909f56bfc062723c751e8b465ee728b)  -> (artifact id: 'c9b372d08471e08851bb83276d9100bd') in 0.039043 seconds 
  Import took 0.048425 seconds .

========================================================================
Received Import Request.
  Time since last request: 0.079893 seconds.
  path: Assets/Jakob/Images/asteroid 2.png
  artifactKey: Guid(c3fbe5065f748d04899b3ffabb0421d8) Importer(815301076,1909f56bfc062723c751e8b465ee728b)
Start importing Assets/Jakob/Images/asteroid 2.png using Guid(c3fbe5065f748d04899b3ffabb0421d8) Importer(815301076,1909f56bfc062723c751e8b465ee728b)  -> (artifact id: '6a423fa17db60c6023a768ffe273d5f7') in 0.042194 seconds 
  Import took 0.050342 seconds .

========================================================================
Received Import Request.
  Time since last request: 0.000461 seconds.
  path: Assets/Jakob/Images/asteroid 3.png
  artifactKey: Guid(bcea38a79c176c4458ee2c9cd3d853cd) Importer(815301076,1909f56bfc062723c751e8b465ee728b)
Start importing Assets/Jakob/Images/asteroid 3.png using Guid(bcea38a79c176c4458ee2c9cd3d853cd) Importer(815301076,1909f56bfc062723c751e8b465ee728b)  -> (artifact id: 'aaeecf6773acf563cec3dd00667796d9') in 0.031109 seconds 
  Import took 0.056040 seconds .

========================================================================
Received Import Request.
  Time since last request: 0.116066 seconds.
  path: Assets/Jakob/Images/asteriod 1.png
  artifactKey: Guid(a8bb52a4bd4d0984ead7540602392474) Importer(815301076,1909f56bfc062723c751e8b465ee728b)
Start importing Assets/Jakob/Images/asteriod 1.png using Guid(a8bb52a4bd4d0984ead7540602392474) Importer(815301076,1909f56bfc062723c751e8b465ee728b)  -> (artifact id: '2293af85556ea44a30df949e7a79ed61') in 0.031214 seconds 
  Import took 0.039476 seconds .

========================================================================
Received Import Request.
  Time since last request: 0.003252 seconds.
  path: Assets/Jakob/Images/asteriod 1.png
  artifactKey: Guid(a8bb52a4bd4d0984ead7540602392474) Importer(815301076,1909f56bfc062723c751e8b465ee728b)
Start importing Assets/Jakob/Images/asteriod 1.png using Guid(a8bb52a4bd4d0984ead7540602392474) Importer(815301076,1909f56bfc062723c751e8b465ee728b)  -> (artifact id: '2293af85556ea44a30df949e7a79ed61') in 0.023544 seconds 
  Import took 0.030331 seconds .

========================================================================
Received Prepare
Registering precompiled user dll's ...
Registered in 0.006653 seconds.
Begin MonoManager ReloadAssembly
Native extension for WindowsStandalone target not found
Refreshing native plugins compatible for Editor in 0.75 ms, found 3 plugins.
Preloading 0 native plugins for Editor in 0.00 ms.
Mono: successfully reloaded assembly
- Completed reload, in  1.751 seconds
Platform modules already initialized, skipping
Refreshing native plugins compatible for Editor in 0.83 ms, found 3 plugins.
Preloading 0 native plugins for Editor in 0.00 ms.
Unloading 2083 Unused Serialized files (Serialized files now loaded: 0)
System memory in use before: 95.7 MB.
System memory in use after: 95.8 MB.

Unloading 16 unused Assets to reduce memory usage. Loaded Objects now: 2551.
Total: 4.551400 ms (FindLiveObjects: 0.292600 ms CreateObjectMapping: 0.218300 ms MarkObjects: 4.010200 ms  DeleteObjects: 0.028500 ms)

AssetImportParameters requested are different than current active one (requested -> active):
  custom:framework-win-MediaFoundation: 216162199b28c13a410421893ffa2e32 -> 
  custom:video-decoder-ogg-theora: a1e56fd34408186e4bbccfd4996cb3dc -> 
  custom:container-muxer-webm: aa71ff27fc2769a1b78a27578f13a17b -> 
  custom:container-demuxer-webm: 4f35f7cbe854078d1ac9338744f61a02 -> 
  custom:container-demuxer-ogg: 62fdf1f143b41e24485cea50d1cbac27 -> 
  custom:video-encoder-webm-vp8: eb34c28f22e8b96e1ab97ce403110664 -> 
  custom:video-decoder-webm-vp8: 9c59270c3fd7afecdb556c50c9e8de78 -> 
  custom:audio-decoder-ogg-vorbis: bf7c407c2cedff20999df2af8eb42d56 -> 
  custom:audio-encoder-webm-vorbis: bf7c407c2cedff20999df2af8eb42d56 -> 
========================================================================
Received Prepare
Registering precompiled user dll's ...
Registered in 0.441711 seconds.
Begin MonoManager ReloadAssembly
Native extension for WindowsStandalone target not found
Refreshing native plugins compatible for Editor in 0.66 ms, found 3 plugins.
Preloading 0 native plugins for Editor in 0.00 ms.
Mono: successfully reloaded assembly
- Completed reload, in  2.482 seconds
Platform modules already initialized, skipping
Refreshing native plugins compatible for Editor in 0.67 ms, found 3 plugins.
Preloading 0 native plugins for Editor in 0.00 ms.
Unloading 2084 Unused Serialized files (Serialized files now loaded: 0)
System memory in use before: 95.7 MB.
System memory in use after: 95.9 MB.

Unloading 16 unused Assets to reduce memory usage. Loaded Objects now: 2555.
Total: 3.587900 ms (FindLiveObjects: 0.290400 ms CreateObjectMapping: 0.124600 ms MarkObjects: 3.138900 ms  DeleteObjects: 0.032400 ms)

AssetImportParameters requested are different than current active one (requested -> active):
  custom:framework-win-MediaFoundation: 216162199b28c13a410421893ffa2e32 -> 
  custom:video-decoder-ogg-theora: a1e56fd34408186e4bbccfd4996cb3dc -> 
  custom:container-muxer-webm: aa71ff27fc2769a1b78a27578f13a17b -> 
  custom:container-demuxer-webm: 4f35f7cbe854078d1ac9338744f61a02 -> 
  custom:container-demuxer-ogg: 62fdf1f143b41e24485cea50d1cbac27 -> 
  custom:video-encoder-webm-vp8: eb34c28f22e8b96e1ab97ce403110664 -> 
  custom:video-decoder-webm-vp8: 9c59270c3fd7afecdb556c50c9e8de78 -> 
  custom:audio-decoder-ogg-vorbis: bf7c407c2cedff20999df2af8eb42d56 -> 
  custom:audio-encoder-webm-vorbis: bf7c407c2cedff20999df2af8eb42d56 -> 
========================================================================
Received Import Request.
  Time since last request: 82256.938744 seconds.
  path: Assets/Pause.cs
  artifactKey: Guid(d1c173b0699cd644f9a284145fd716b0) Importer(815301076,1909f56bfc062723c751e8b465ee728b)
Start importing Assets/Pause.cs using Guid(d1c173b0699cd644f9a284145fd716b0) Importer(815301076,1909f56bfc062723c751e8b465ee728b)  -> (artifact id: '7bb332f54196bfcaf832d7860ed9ec73') in 0.103359 seconds 
  Import took 0.137736 seconds .

========================================================================
Received Import Request.
  Time since last request: 10514.278982 seconds.
  path: Assets/Pause.cs
  artifactKey: Guid(d1c173b0699cd644f9a284145fd716b0) Importer(815301076,1909f56bfc062723c751e8b465ee728b)
Start importing Assets/Pause.cs using Guid(d1c173b0699cd644f9a284145fd716b0) Importer(815301076,1909f56bfc062723c751e8b465ee728b)  -> (artifact id: '372632cd0389be04c24d765ea1087e1c') in 0.014545 seconds 
  Import took 0.133830 seconds .

========================================================================
Received Import Request.
  Time since last request: 93.488951 seconds.
  path: Assets/Pause.cs
  artifactKey: Guid(d1c173b0699cd644f9a284145fd716b0) Importer(815301076,1909f56bfc062723c751e8b465ee728b)
Start importing Assets/Pause.cs using Guid(d1c173b0699cd644f9a284145fd716b0) Importer(815301076,1909f56bfc062723c751e8b465ee728b)  -> (artifact id: 'a544478a210dd709f167503e0cec0526') in 0.018567 seconds 
  Import took 0.029266 seconds .

========================================================================
Received Import Request.
  Time since last request: 27.993503 seconds.
  path: Assets/Pause.cs
  artifactKey: Guid(d1c173b0699cd644f9a284145fd716b0) Importer(815301076,1909f56bfc062723c751e8b465ee728b)
Start importing Assets/Pause.cs using Guid(d1c173b0699cd644f9a284145fd716b0) Importer(815301076,1909f56bfc062723c751e8b465ee728b)  -> (artifact id: 'ee01544f7d8c7e17327079aadc7f76f5') in 0.010217 seconds 
  Import took 0.017082 seconds .

========================================================================
Received Prepare
Registering precompiled user dll's ...
Registered in 0.077678 seconds.
Begin MonoManager ReloadAssembly
Native extension for WindowsStandalone target not found
Refreshing native plugins compatible for Editor in 0.64 ms, found 3 plugins.
Preloading 0 native plugins for Editor in 0.00 ms.
Mono: successfully reloaded assembly
- Completed reload, in  1.969 seconds
Platform modules already initialized, skipping
Refreshing native plugins compatible for Editor in 0.63 ms, found 3 plugins.
Preloading 0 native plugins for Editor in 0.00 ms.
Unloading 2084 Unused Serialized files (Serialized files now loaded: 0)
System memory in use before: 95.8 MB.
System memory in use after: 95.9 MB.

Unloading 16 unused Assets to reduce memory usage. Loaded Objects now: 2558.
Total: 3.368300 ms (FindLiveObjects: 0.334100 ms CreateObjectMapping: 0.145000 ms MarkObjects: 2.860300 ms  DeleteObjects: 0.027400 ms)

AssetImportParameters requested are different than current active one (requested -> active):
  custom:framework-win-MediaFoundation: 216162199b28c13a410421893ffa2e32 -> 
  custom:video-decoder-ogg-theora: a1e56fd34408186e4bbccfd4996cb3dc -> 
  custom:container-muxer-webm: aa71ff27fc2769a1b78a27578f13a17b -> 
  custom:container-demuxer-webm: 4f35f7cbe854078d1ac9338744f61a02 -> 
  custom:container-demuxer-ogg: 62fdf1f143b41e24485cea50d1cbac27 -> 
  custom:video-encoder-webm-vp8: eb34c28f22e8b96e1ab97ce403110664 -> 
  custom:video-decoder-webm-vp8: 9c59270c3fd7afecdb556c50c9e8de78 -> 
  custom:audio-decoder-ogg-vorbis: bf7c407c2cedff20999df2af8eb42d56 -> 
  custom:audio-encoder-webm-vorbis: bf7c407c2cedff20999df2af8eb42d56 -> 
========================================================================
Received Import Request.
  Time since last request: 55.142846 seconds.
  path: Assets/Pause.cs
  artifactKey: Guid(d1c173b0699cd644f9a284145fd716b0) Importer(815301076,1909f56bfc062723c751e8b465ee728b)
Start importing Assets/Pause.cs using Guid(d1c173b0699cd644f9a284145fd716b0) Importer(815301076,1909f56bfc062723c751e8b465ee728b)  -> (artifact id: '2aa1c59daf08b85b871196ff44f49e25') in 0.009406 seconds 
  Import took 0.021056 seconds .

========================================================================
Received Prepare
Registering precompiled user dll's ...
Registered in 0.007774 seconds.
Begin MonoManager ReloadAssembly
Native extension for WindowsStandalone target not found
Refreshing native plugins compatible for Editor in 0.92 ms, found 3 plugins.
Preloading 0 native plugins for Editor in 0.00 ms.
Mono: successfully reloaded assembly
- Completed reload, in  1.961 seconds
Platform modules already initialized, skipping
Refreshing native plugins compatible for Editor in 1.13 ms, found 3 plugins.
Preloading 0 native plugins for Editor in 0.00 ms.
Unloading 2084 Unused Serialized files (Serialized files now loaded: 0)
System memory in use before: 95.8 MB.
System memory in use after: 95.9 MB.

Unloading 16 unused Assets to reduce memory usage. Loaded Objects now: 2561.
Total: 3.458900 ms (FindLiveObjects: 0.307000 ms CreateObjectMapping: 0.215300 ms MarkObjects: 2.773600 ms  DeleteObjects: 0.160900 ms)

AssetImportParameters requested are different than current active one (requested -> active):
  custom:framework-win-MediaFoundation: 216162199b28c13a410421893ffa2e32 -> 
  custom:video-decoder-ogg-theora: a1e56fd34408186e4bbccfd4996cb3dc -> 
  custom:container-muxer-webm: aa71ff27fc2769a1b78a27578f13a17b -> 
  custom:container-demuxer-webm: 4f35f7cbe854078d1ac9338744f61a02 -> 
  custom:container-demuxer-ogg: 62fdf1f143b41e24485cea50d1cbac27 -> 
  custom:video-encoder-webm-vp8: eb34c28f22e8b96e1ab97ce403110664 -> 
  custom:video-decoder-webm-vp8: 9c59270c3fd7afecdb556c50c9e8de78 -> 
  custom:audio-decoder-ogg-vorbis: bf7c407c2cedff20999df2af8eb42d56 -> 
  custom:audio-encoder-webm-vorbis: bf7c407c2cedff20999df2af8eb42d56 -> 
========================================================================
Received Prepare
Registering precompiled user dll's ...
Registered in 0.007825 seconds.
Begin MonoManager ReloadAssembly
Native extension for WindowsStandalone target not found
Refreshing native plugins compatible for Editor in 0.64 ms, found 3 plugins.
Preloading 0 native plugins for Editor in 0.00 ms.
Mono: successfully reloaded assembly
- Completed reload, in  1.847 seconds
Platform modules already initialized, skipping
Refreshing native plugins compatible for Editor in 0.96 ms, found 3 plugins.
Preloading 0 native plugins for Editor in 0.00 ms.
Unloading 2084 Unused Serialized files (Serialized files now loaded: 0)
System memory in use before: 95.8 MB.
System memory in use after: 95.9 MB.

Unloading 16 unused Assets to reduce memory usage. Loaded Objects now: 2564.
Total: 4.965400 ms (FindLiveObjects: 0.972000 ms CreateObjectMapping: 0.282000 ms MarkObjects: 3.674600 ms  DeleteObjects: 0.033700 ms)

AssetImportParameters requested are different than current active one (requested -> active):
  custom:framework-win-MediaFoundation: 216162199b28c13a410421893ffa2e32 -> 
  custom:video-decoder-ogg-theora: a1e56fd34408186e4bbccfd4996cb3dc -> 
  custom:container-muxer-webm: aa71ff27fc2769a1b78a27578f13a17b -> 
  custom:container-demuxer-webm: 4f35f7cbe854078d1ac9338744f61a02 -> 
  custom:container-demuxer-ogg: 62fdf1f143b41e24485cea50d1cbac27 -> 
  custom:video-encoder-webm-vp8: eb34c28f22e8b96e1ab97ce403110664 -> 
  custom:video-decoder-webm-vp8: 9c59270c3fd7afecdb556c50c9e8de78 -> 
  custom:audio-decoder-ogg-vorbis: bf7c407c2cedff20999df2af8eb42d56 -> 
  custom:audio-encoder-webm-vorbis: bf7c407c2cedff20999df2af8eb42d56 -> 
========================================================================
Received Prepare
Registering precompiled user dll's ...
Registered in 0.005975 seconds.
Begin MonoManager ReloadAssembly
Native extension for WindowsStandalone target not found
Refreshing native plugins compatible for Editor in 0.62 ms, found 3 plugins.
Preloading 0 native plugins for Editor in 0.00 ms.
Mono: successfully reloaded assembly
- Completed reload, in  1.796 seconds
Platform modules already initialized, skipping
Refreshing native plugins compatible for Editor in 0.68 ms, found 3 plugins.
Preloading 0 native plugins for Editor in 0.00 ms.
Unloading 2084 Unused Serialized files (Serialized files now loaded: 0)
System memory in use before: 95.8 MB.
System memory in use after: 95.9 MB.

Unloading 16 unused Assets to reduce memory usage. Loaded Objects now: 2567.
Total: 3.009100 ms (FindLiveObjects: 0.229400 ms CreateObjectMapping: 0.115100 ms MarkObjects: 2.621300 ms  DeleteObjects: 0.041300 ms)

AssetImportParameters requested are different than current active one (requested -> active):
  custom:framework-win-MediaFoundation: 216162199b28c13a410421893ffa2e32 -> 
  custom:video-decoder-ogg-theora: a1e56fd34408186e4bbccfd4996cb3dc -> 
  custom:container-muxer-webm: aa71ff27fc2769a1b78a27578f13a17b -> 
  custom:container-demuxer-webm: 4f35f7cbe854078d1ac9338744f61a02 -> 
  custom:container-demuxer-ogg: 62fdf1f143b41e24485cea50d1cbac27 -> 
  custom:video-encoder-webm-vp8: eb34c28f22e8b96e1ab97ce403110664 -> 
  custom:video-decoder-webm-vp8: 9c59270c3fd7afecdb556c50c9e8de78 -> 
  custom:audio-decoder-ogg-vorbis: bf7c407c2cedff20999df2af8eb42d56 -> 
  custom:audio-encoder-webm-vorbis: bf7c407c2cedff20999df2af8eb42d56 -> 
========================================================================
Received Prepare
Registering precompiled user dll's ...
Registered in 0.006087 seconds.
Begin MonoManager ReloadAssembly
Native extension for WindowsStandalone target not found
Refreshing native plugins compatible for Editor in 0.66 ms, found 3 plugins.
Preloading 0 native plugins for Editor in 0.00 ms.
Mono: successfully reloaded assembly
- Completed reload, in  1.595 seconds
Platform modules already initialized, skipping
Refreshing native plugins compatible for Editor in 0.62 ms, found 3 plugins.
Preloading 0 native plugins for Editor in 0.00 ms.
Unloading 2084 Unused Serialized files (Serialized files now loaded: 0)
System memory in use before: 95.8 MB.
System memory in use after: 95.9 MB.

Unloading 16 unused Assets to reduce memory usage. Loaded Objects now: 2570.
Total: 3.319900 ms (FindLiveObjects: 0.292400 ms CreateObjectMapping: 0.210500 ms MarkObjects: 2.785100 ms  DeleteObjects: 0.030900 ms)

AssetImportParameters requested are different than current active one (requested -> active):
  custom:framework-win-MediaFoundation: 216162199b28c13a410421893ffa2e32 -> 
  custom:video-decoder-ogg-theora: a1e56fd34408186e4bbccfd4996cb3dc -> 
  custom:container-muxer-webm: aa71ff27fc2769a1b78a27578f13a17b -> 
  custom:container-demuxer-webm: 4f35f7cbe854078d1ac9338744f61a02 -> 
  custom:container-demuxer-ogg: 62fdf1f143b41e24485cea50d1cbac27 -> 
  custom:video-encoder-webm-vp8: eb34c28f22e8b96e1ab97ce403110664 -> 
  custom:video-decoder-webm-vp8: 9c59270c3fd7afecdb556c50c9e8de78 -> 
  custom:audio-decoder-ogg-vorbis: bf7c407c2cedff20999df2af8eb42d56 -> 
  custom:audio-encoder-webm-vorbis: bf7c407c2cedff20999df2af8eb42d56 -> 
========================================================================
Received Prepare
Registering precompiled user dll's ...
Registered in 0.314598 seconds.
Begin MonoManager ReloadAssembly
Native extension for WindowsStandalone target not found
Refreshing native plugins compatible for Editor in 0.72 ms, found 3 plugins.
Preloading 0 native plugins for Editor in 0.00 ms.
Mono: successfully reloaded assembly
- Completed reload, in  1.942 seconds
Platform modules already initialized, skipping
Refreshing native plugins compatible for Editor in 0.62 ms, found 3 plugins.
Preloading 0 native plugins for Editor in 0.00 ms.
Unloading 2084 Unused Serialized files (Serialized files now loaded: 0)
System memory in use before: 95.8 MB.
System memory in use after: 95.9 MB.

Unloading 16 unused Assets to reduce memory usage. Loaded Objects now: 2573.
Total: 3.835300 ms (FindLiveObjects: 0.332200 ms CreateObjectMapping: 0.103300 ms MarkObjects: 3.302800 ms  DeleteObjects: 0.095600 ms)

AssetImportParameters requested are different than current active one (requested -> active):
  custom:framework-win-MediaFoundation: 216162199b28c13a410421893ffa2e32 -> 
  custom:video-decoder-ogg-theora: a1e56fd34408186e4bbccfd4996cb3dc -> 
  custom:container-muxer-webm: aa71ff27fc2769a1b78a27578f13a17b -> 
  custom:container-demuxer-webm: 4f35f7cbe854078d1ac9338744f61a02 -> 
  custom:container-demuxer-ogg: 62fdf1f143b41e24485cea50d1cbac27 -> 
  custom:video-encoder-webm-vp8: eb34c28f22e8b96e1ab97ce403110664 -> 
  custom:video-decoder-webm-vp8: 9c59270c3fd7afecdb556c50c9e8de78 -> 
  custom:audio-decoder-ogg-vorbis: bf7c407c2cedff20999df2af8eb42d56 -> 
  custom:audio-encoder-webm-vorbis: bf7c407c2cedff20999df2af8eb42d56 -> 
========================================================================
Received Prepare
Registering precompiled user dll's ...
Registered in 0.005904 seconds.
Begin MonoManager ReloadAssembly
Native extension for WindowsStandalone target not found
Refreshing native plugins compatible for Editor in 0.56 ms, found 3 plugins.
Preloading 0 native plugins for Editor in 0.00 ms.
Mono: successfully reloaded assembly
- Completed reload, in  1.785 seconds
Platform modules already initialized, skipping
Refreshing native plugins compatible for Editor in 0.74 ms, found 3 plugins.
Preloading 0 native plugins for Editor in 0.00 ms.
Unloading 2084 Unused Serialized files (Serialized files now loaded: 0)
System memory in use before: 95.8 MB.
System memory in use after: 95.9 MB.

Unloading 16 unused Assets to reduce memory usage. Loaded Objects now: 2576.
Total: 5.171000 ms (FindLiveObjects: 0.452200 ms CreateObjectMapping: 0.293700 ms MarkObjects: 4.222700 ms  DeleteObjects: 0.200400 ms)

AssetImportParameters requested are different than current active one (requested -> active):
  custom:framework-win-MediaFoundation: 216162199b28c13a410421893ffa2e32 -> 
  custom:video-decoder-ogg-theora: a1e56fd34408186e4bbccfd4996cb3dc -> 
  custom:container-muxer-webm: aa71ff27fc2769a1b78a27578f13a17b -> 
  custom:container-demuxer-webm: 4f35f7cbe854078d1ac9338744f61a02 -> 
  custom:container-demuxer-ogg: 62fdf1f143b41e24485cea50d1cbac27 -> 
  custom:video-encoder-webm-vp8: eb34c28f22e8b96e1ab97ce403110664 -> 
  custom:video-decoder-webm-vp8: 9c59270c3fd7afecdb556c50c9e8de78 -> 
  custom:audio-decoder-ogg-vorbis: bf7c407c2cedff20999df2af8eb42d56 -> 
  custom:audio-encoder-webm-vorbis: bf7c407c2cedff20999df2af8eb42d56 -> 
========================================================================
Received Prepare
Registering precompiled user dll's ...
Registered in 0.008019 seconds.
Begin MonoManager ReloadAssembly
Native extension for WindowsStandalone target not found
Refreshing native plugins compatible for Editor in 0.59 ms, found 3 plugins.
Preloading 0 native plugins for Editor in 0.00 ms.
Mono: successfully reloaded assembly
- Completed reload, in  1.670 seconds
Platform modules already initialized, skipping
Refreshing native plugins compatible for Editor in 0.68 ms, found 3 plugins.
Preloading 0 native plugins for Editor in 0.00 ms.
Unloading 2084 Unused Serialized files (Serialized files now loaded: 0)
System memory in use before: 95.8 MB.
System memory in use after: 95.9 MB.

Unloading 16 unused Assets to reduce memory usage. Loaded Objects now: 2579.
Total: 3.686100 ms (FindLiveObjects: 0.227600 ms CreateObjectMapping: 0.123600 ms MarkObjects: 3.299300 ms  DeleteObjects: 0.034200 ms)

AssetImportParameters requested are different than current active one (requested -> active):
  custom:framework-win-MediaFoundation: 216162199b28c13a410421893ffa2e32 -> 
  custom:video-decoder-ogg-theora: a1e56fd34408186e4bbccfd4996cb3dc -> 
  custom:container-muxer-webm: aa71ff27fc2769a1b78a27578f13a17b -> 
  custom:container-demuxer-webm: 4f35f7cbe854078d1ac9338744f61a02 -> 
  custom:container-demuxer-ogg: 62fdf1f143b41e24485cea50d1cbac27 -> 
  custom:video-encoder-webm-vp8: eb34c28f22e8b96e1ab97ce403110664 -> 
  custom:video-decoder-webm-vp8: 9c59270c3fd7afecdb556c50c9e8de78 -> 
  custom:audio-decoder-ogg-vorbis: bf7c407c2cedff20999df2af8eb42d56 -> 
  custom:audio-encoder-webm-vorbis: bf7c407c2cedff20999df2af8eb42d56 -> 
========================================================================
Received Prepare
Registering precompiled user dll's ...
Registered in 0.007469 seconds.
Begin MonoManager ReloadAssembly
Native extension for WindowsStandalone target not found
Refreshing native plugins compatible for Editor in 0.58 ms, found 3 plugins.
Preloading 0 native plugins for Editor in 0.00 ms.
Mono: successfully reloaded assembly
- Completed reload, in  2.153 seconds
Platform modules already initialized, skipping
Refreshing native plugins compatible for Editor in 0.96 ms, found 3 plugins.
Preloading 0 native plugins for Editor in 0.00 ms.
Unloading 2084 Unused Serialized files (Serialized files now loaded: 0)
System memory in use before: 95.8 MB.
System memory in use after: 96.0 MB.

Unloading 16 unused Assets to reduce memory usage. Loaded Objects now: 2582.
Total: 5.576800 ms (FindLiveObjects: 0.358000 ms CreateObjectMapping: 0.135300 ms MarkObjects: 5.032300 ms  DeleteObjects: 0.049000 ms)

AssetImportParameters requested are different than current active one (requested -> active):
  custom:framework-win-MediaFoundation: 216162199b28c13a410421893ffa2e32 -> 
  custom:video-decoder-ogg-theora: a1e56fd34408186e4bbccfd4996cb3dc -> 
  custom:container-muxer-webm: aa71ff27fc2769a1b78a27578f13a17b -> 
  custom:container-demuxer-webm: 4f35f7cbe854078d1ac9338744f61a02 -> 
  custom:container-demuxer-ogg: 62fdf1f143b41e24485cea50d1cbac27 -> 
  custom:video-encoder-webm-vp8: eb34c28f22e8b96e1ab97ce403110664 -> 
  custom:video-decoder-webm-vp8: 9c59270c3fd7afecdb556c50c9e8de78 -> 
  custom:audio-decoder-ogg-vorbis: bf7c407c2cedff20999df2af8eb42d56 -> 
  custom:audio-encoder-webm-vorbis: bf7c407c2cedff20999df2af8eb42d56 -> 
========================================================================
Received Prepare
Registering precompiled user dll's ...
Registered in 0.006504 seconds.
Begin MonoManager ReloadAssembly
Native extension for WindowsStandalone target not found
Refreshing native plugins compatible for Editor in 0.59 ms, found 3 plugins.
Preloading 0 native plugins for Editor in 0.00 ms.
Mono: successfully reloaded assembly
- Completed reload, in  1.678 seconds
Platform modules already initialized, skipping
Refreshing native plugins compatible for Editor in 0.96 ms, found 3 plugins.
Preloading 0 native plugins for Editor in 0.00 ms.
Unloading 2084 Unused Serialized files (Serialized files now loaded: 0)
System memory in use before: 95.8 MB.
System memory in use after: 96.0 MB.

Unloading 16 unused Assets to reduce memory usage. Loaded Objects now: 2585.
Total: 3.313500 ms (FindLiveObjects: 0.571300 ms CreateObjectMapping: 0.225800 ms MarkObjects: 2.482900 ms  DeleteObjects: 0.032000 ms)

AssetImportParameters requested are different than current active one (requested -> active):
  custom:framework-win-MediaFoundation: 216162199b28c13a410421893ffa2e32 -> 
  custom:video-decoder-ogg-theora: a1e56fd34408186e4bbccfd4996cb3dc -> 
  custom:container-muxer-webm: aa71ff27fc2769a1b78a27578f13a17b -> 
  custom:container-demuxer-webm: 4f35f7cbe854078d1ac9338744f61a02 -> 
  custom:container-demuxer-ogg: 62fdf1f143b41e24485cea50d1cbac27 -> 
  custom:video-encoder-webm-vp8: eb34c28f22e8b96e1ab97ce403110664 -> 
  custom:video-decoder-webm-vp8: 9c59270c3fd7afecdb556c50c9e8de78 -> 
  custom:audio-decoder-ogg-vorbis: bf7c407c2cedff20999df2af8eb42d56 -> 
  custom:audio-encoder-webm-vorbis: bf7c407c2cedff20999df2af8eb42d56 -> 
========================================================================
Received Prepare
Registering precompiled user dll's ...
Registered in 0.006753 seconds.
Begin MonoManager ReloadAssembly
Native extension for WindowsStandalone target not found
Refreshing native plugins compatible for Editor in 0.88 ms, found 3 plugins.
Preloading 0 native plugins for Editor in 0.00 ms.
Mono: successfully reloaded assembly
- Completed reload, in  1.824 seconds
Platform modules already initialized, skipping
Refreshing native plugins compatible for Editor in 0.70 ms, found 3 plugins.
Preloading 0 native plugins for Editor in 0.00 ms.
Unloading 2084 Unused Serialized files (Serialized files now loaded: 0)
System memory in use before: 95.8 MB.
System memory in use after: 96.0 MB.

Unloading 16 unused Assets to reduce memory usage. Loaded Objects now: 2588.
Total: 2.932100 ms (FindLiveObjects: 0.229800 ms CreateObjectMapping: 0.122700 ms MarkObjects: 2.539000 ms  DeleteObjects: 0.039100 ms)

AssetImportParameters requested are different than current active one (requested -> active):
  custom:framework-win-MediaFoundation: 216162199b28c13a410421893ffa2e32 -> 
  custom:video-decoder-ogg-theora: a1e56fd34408186e4bbccfd4996cb3dc -> 
  custom:container-muxer-webm: aa71ff27fc2769a1b78a27578f13a17b -> 
  custom:container-demuxer-webm: 4f35f7cbe854078d1ac9338744f61a02 -> 
  custom:container-demuxer-ogg: 62fdf1f143b41e24485cea50d1cbac27 -> 
  custom:video-encoder-webm-vp8: eb34c28f22e8b96e1ab97ce403110664 -> 
  custom:video-decoder-webm-vp8: 9c59270c3fd7afecdb556c50c9e8de78 -> 
  custom:audio-decoder-ogg-vorbis: bf7c407c2cedff20999df2af8eb42d56 -> 
  custom:audio-encoder-webm-vorbis: bf7c407c2cedff20999df2af8eb42d56 -> 
========================================================================
Received Prepare
Registering precompiled user dll's ...
Registered in 0.006471 seconds.
Begin MonoManager ReloadAssembly
Native extension for WindowsStandalone target not found
Refreshing native plugins compatible for Editor in 1.02 ms, found 3 plugins.
Preloading 0 native plugins for Editor in 0.00 ms.
Mono: successfully reloaded assembly
- Completed reload, in  1.797 seconds
Platform modules already initialized, skipping
Refreshing native plugins compatible for Editor in 0.69 ms, found 3 plugins.
Preloading 0 native plugins for Editor in 0.00 ms.
Unloading 2084 Unused Serialized files (Serialized files now loaded: 0)
System memory in use before: 95.9 MB.
System memory in use after: 96.0 MB.

Unloading 16 unused Assets to reduce memory usage. Loaded Objects now: 2591.
Total: 3.311900 ms (FindLiveObjects: 0.467700 ms CreateObjectMapping: 0.209400 ms MarkObjects: 2.607500 ms  DeleteObjects: 0.025700 ms)

AssetImportParameters requested are different than current active one (requested -> active):
  custom:framework-win-MediaFoundation: 216162199b28c13a410421893ffa2e32 -> 
  custom:video-decoder-ogg-theora: a1e56fd34408186e4bbccfd4996cb3dc -> 
  custom:container-muxer-webm: aa71ff27fc2769a1b78a27578f13a17b -> 
  custom:container-demuxer-webm: 4f35f7cbe854078d1ac9338744f61a02 -> 
  custom:container-demuxer-ogg: 62fdf1f143b41e24485cea50d1cbac27 -> 
  custom:video-encoder-webm-vp8: eb34c28f22e8b96e1ab97ce403110664 -> 
  custom:video-decoder-webm-vp8: 9c59270c3fd7afecdb556c50c9e8de78 -> 
  custom:audio-decoder-ogg-vorbis: bf7c407c2cedff20999df2af8eb42d56 -> 
  custom:audio-encoder-webm-vorbis: bf7c407c2cedff20999df2af8eb42d56 -> 
========================================================================
Received Prepare
Registering precompiled user dll's ...
Registered in 0.006587 seconds.
Begin MonoManager ReloadAssembly
Native extension for WindowsStandalone target not found
Refreshing native plugins compatible for Editor in 0.62 ms, found 3 plugins.
Preloading 0 native plugins for Editor in 0.00 ms.
Mono: successfully reloaded assembly
- Completed reload, in  1.858 seconds
Platform modules already initialized, skipping
Refreshing native plugins compatible for Editor in 0.68 ms, found 3 plugins.
Preloading 0 native plugins for Editor in 0.00 ms.
Unloading 2086 Unused Serialized files (Serialized files now loaded: 0)
System memory in use before: 95.9 MB.
System memory in use after: 96.0 MB.

Unloading 16 unused Assets to reduce memory usage. Loaded Objects now: 2596.
Total: 3.910900 ms (FindLiveObjects: 0.247200 ms CreateObjectMapping: 0.119900 ms MarkObjects: 3.507500 ms  DeleteObjects: 0.034400 ms)

AssetImportParameters requested are different than current active one (requested -> active):
  custom:framework-win-MediaFoundation: 216162199b28c13a410421893ffa2e32 -> 
  custom:video-decoder-ogg-theora: a1e56fd34408186e4bbccfd4996cb3dc -> 
  custom:container-muxer-webm: aa71ff27fc2769a1b78a27578f13a17b -> 
  custom:container-demuxer-webm: 4f35f7cbe854078d1ac9338744f61a02 -> 
  custom:container-demuxer-ogg: 62fdf1f143b41e24485cea50d1cbac27 -> 
  custom:video-encoder-webm-vp8: eb34c28f22e8b96e1ab97ce403110664 -> 
  custom:video-decoder-webm-vp8: 9c59270c3fd7afecdb556c50c9e8de78 -> 
  custom:audio-decoder-ogg-vorbis: bf7c407c2cedff20999df2af8eb42d56 -> 
  custom:audio-encoder-webm-vorbis: bf7c407c2cedff20999df2af8eb42d56 -> 
========================================================================
Received Prepare
Registering precompiled user dll's ...
Registered in 0.005592 seconds.
Begin MonoManager ReloadAssembly
Native extension for WindowsStandalone target not found
Refreshing native plugins compatible for Editor in 0.59 ms, found 3 plugins.
Preloading 0 native plugins for Editor in 0.00 ms.
Mono: successfully reloaded assembly
- Completed reload, in  1.480 seconds
Platform modules already initialized, skipping
Refreshing native plugins compatible for Editor in 0.59 ms, found 3 plugins.
Preloading 0 native plugins for Editor in 0.00 ms.
Unloading 2086 Unused Serialized files (Serialized files now loaded: 0)
System memory in use before: 95.9 MB.
System memory in use after: 96.0 MB.

Unloading 16 unused Assets to reduce memory usage. Loaded Objects now: 2599.
Total: 3.303600 ms (FindLiveObjects: 0.311600 ms CreateObjectMapping: 0.210400 ms MarkObjects: 2.750700 ms  DeleteObjects: 0.029000 ms)

AssetImportParameters requested are different than current active one (requested -> active):
  custom:framework-win-MediaFoundation: 216162199b28c13a410421893ffa2e32 -> 
  custom:video-decoder-ogg-theora: a1e56fd34408186e4bbccfd4996cb3dc -> 
  custom:container-muxer-webm: aa71ff27fc2769a1b78a27578f13a17b -> 
  custom:container-demuxer-webm: 4f35f7cbe854078d1ac9338744f61a02 -> 
  custom:container-demuxer-ogg: 62fdf1f143b41e24485cea50d1cbac27 -> 
  custom:video-encoder-webm-vp8: eb34c28f22e8b96e1ab97ce403110664 -> 
  custom:video-decoder-webm-vp8: 9c59270c3fd7afecdb556c50c9e8de78 -> 
  custom:audio-decoder-ogg-vorbis: bf7c407c2cedff20999df2af8eb42d56 -> 
  custom:audio-encoder-webm-vorbis: bf7c407c2cedff20999df2af8eb42d56 -> 
========================================================================
Received Prepare
Registering precompiled user dll's ...
Registered in 0.009323 seconds.
Begin MonoManager ReloadAssembly
Native extension for WindowsStandalone target not found
Refreshing native plugins compatible for Editor in 0.91 ms, found 3 plugins.
Preloading 0 native plugins for Editor in 0.00 ms.
Mono: successfully reloaded assembly
- Completed reload, in  2.934 seconds
Platform modules already initialized, skipping
Refreshing native plugins compatible for Editor in 1.00 ms, found 3 plugins.
Preloading 0 native plugins for Editor in 0.00 ms.
Unloading 2086 Unused Serialized files (Serialized files now loaded: 0)
System memory in use before: 95.9 MB.
System memory in use after: 96.0 MB.

Unloading 16 unused Assets to reduce memory usage. Loaded Objects now: 2602.
Total: 5.212900 ms (FindLiveObjects: 0.570400 ms CreateObjectMapping: 0.234500 ms MarkObjects: 4.368400 ms  DeleteObjects: 0.034400 ms)

AssetImportParameters requested are different than current active one (requested -> active):
  custom:framework-win-MediaFoundation: 216162199b28c13a410421893ffa2e32 -> 
  custom:video-decoder-ogg-theora: a1e56fd34408186e4bbccfd4996cb3dc -> 
  custom:container-muxer-webm: aa71ff27fc2769a1b78a27578f13a17b -> 
  custom:container-demuxer-webm: 4f35f7cbe854078d1ac9338744f61a02 -> 
  custom:container-demuxer-ogg: 62fdf1f143b41e24485cea50d1cbac27 -> 
  custom:video-encoder-webm-vp8: eb34c28f22e8b96e1ab97ce403110664 -> 
  custom:video-decoder-webm-vp8: 9c59270c3fd7afecdb556c50c9e8de78 -> 
  custom:audio-decoder-ogg-vorbis: bf7c407c2cedff20999df2af8eb42d56 -> 
  custom:audio-encoder-webm-vorbis: bf7c407c2cedff20999df2af8eb42d56 -> 
========================================================================
Received Prepare
Registering precompiled user dll's ...
Registered in 0.007261 seconds.
Begin MonoManager ReloadAssembly
Native extension for WindowsStandalone target not found
Refreshing native plugins compatible for Editor in 0.88 ms, found 3 plugins.
Preloading 0 native plugins for Editor in 0.00 ms.
Mono: successfully reloaded assembly
- Completed reload, in  1.802 seconds
Platform modules already initialized, skipping
Refreshing native plugins compatible for Editor in 0.69 ms, found 3 plugins.
Preloading 0 native plugins for Editor in 0.00 ms.
Unloading 2086 Unused Serialized files (Serialized files now loaded: 0)
System memory in use before: 95.9 MB.
System memory in use after: 96.1 MB.

Unloading 16 unused Assets to reduce memory usage. Loaded Objects now: 2605.
Total: 3.239800 ms (FindLiveObjects: 0.369600 ms CreateObjectMapping: 0.239100 ms MarkObjects: 2.542500 ms  DeleteObjects: 0.086900 ms)

AssetImportParameters requested are different than current active one (requested -> active):
  custom:framework-win-MediaFoundation: 216162199b28c13a410421893ffa2e32 -> 
  custom:video-decoder-ogg-theora: a1e56fd34408186e4bbccfd4996cb3dc -> 
  custom:container-muxer-webm: aa71ff27fc2769a1b78a27578f13a17b -> 
  custom:container-demuxer-webm: 4f35f7cbe854078d1ac9338744f61a02 -> 
  custom:container-demuxer-ogg: 62fdf1f143b41e24485cea50d1cbac27 -> 
  custom:video-encoder-webm-vp8: eb34c28f22e8b96e1ab97ce403110664 -> 
  custom:video-decoder-webm-vp8: 9c59270c3fd7afecdb556c50c9e8de78 -> 
  custom:audio-decoder-ogg-vorbis: bf7c407c2cedff20999df2af8eb42d56 -> 
  custom:audio-encoder-webm-vorbis: bf7c407c2cedff20999df2af8eb42d56 -> 
========================================================================
Received Import Request.
  Time since last request: 75598.053453 seconds.
  path: Assets/Nicholas/Scenes/Main.unity
  artifactKey: Guid(d444420065e228d42b34b0cd88d7f733) Importer(815301076,1909f56bfc062723c751e8b465ee728b)
Start importing Assets/Nicholas/Scenes/Main.unity using Guid(d444420065e228d42b34b0cd88d7f733) Importer(815301076,1909f56bfc062723c751e8b465ee728b)  -> (artifact id: 'fd030ef6dc49569ac8a19d19cbbcaea0') in 0.033006 seconds 
  Import took 0.042955 seconds .

========================================================================
Received Prepare
Registering precompiled user dll's ...
Registered in 0.006900 seconds.
Begin MonoManager ReloadAssembly
Native extension for WindowsStandalone target not found
Refreshing native plugins compatible for Editor in 0.59 ms, found 3 plugins.
Preloading 0 native plugins for Editor in 0.00 ms.
Mono: successfully reloaded assembly
- Completed reload, in  1.415 seconds
Platform modules already initialized, skipping
Refreshing native plugins compatible for Editor in 1.24 ms, found 3 plugins.
Preloading 0 native plugins for Editor in 0.00 ms.
Unloading 2086 Unused Serialized files (Serialized files now loaded: 0)
System memory in use before: 96.0 MB.
System memory in use after: 96.1 MB.

Unloading 16 unused Assets to reduce memory usage. Loaded Objects now: 2608.
Total: 11.776400 ms (FindLiveObjects: 0.340600 ms CreateObjectMapping: 0.230100 ms MarkObjects: 10.766000 ms  DeleteObjects: 0.433300 ms)

AssetImportParameters requested are different than current active one (requested -> active):
  custom:framework-win-MediaFoundation: 216162199b28c13a410421893ffa2e32 -> 
  custom:video-decoder-ogg-theora: a1e56fd34408186e4bbccfd4996cb3dc -> 
  custom:container-muxer-webm: aa71ff27fc2769a1b78a27578f13a17b -> 
  custom:container-demuxer-webm: 4f35f7cbe854078d1ac9338744f61a02 -> 
  custom:container-demuxer-ogg: 62fdf1f143b41e24485cea50d1cbac27 -> 
  custom:video-encoder-webm-vp8: eb34c28f22e8b96e1ab97ce403110664 -> 
  custom:video-decoder-webm-vp8: 9c59270c3fd7afecdb556c50c9e8de78 -> 
  custom:audio-decoder-ogg-vorbis: bf7c407c2cedff20999df2af8eb42d56 -> 
  custom:audio-encoder-webm-vorbis: bf7c407c2cedff20999df2af8eb42d56 -> 
========================================================================
Received Prepare
Registering precompiled user dll's ...
Registered in 0.007665 seconds.
Begin MonoManager ReloadAssembly
Native extension for WindowsStandalone target not found
Refreshing native plugins compatible for Editor in 0.64 ms, found 3 plugins.
Preloading 0 native plugins for Editor in 0.00 ms.
Mono: successfully reloaded assembly
- Completed reload, in  1.878 seconds
Platform modules already initialized, skipping
Refreshing native plugins compatible for Editor in 0.83 ms, found 3 plugins.
Preloading 0 native plugins for Editor in 0.00 ms.
Unloading 2086 Unused Serialized files (Serialized files now loaded: 0)
System memory in use before: 95.9 MB.
System memory in use after: 96.1 MB.

Unloading 16 unused Assets to reduce memory usage. Loaded Objects now: 2611.
Total: 3.207400 ms (FindLiveObjects: 0.280400 ms CreateObjectMapping: 0.171600 ms MarkObjects: 2.715100 ms  DeleteObjects: 0.038600 ms)

AssetImportParameters requested are different than current active one (requested -> active):
  custom:framework-win-MediaFoundation: 216162199b28c13a410421893ffa2e32 -> 
  custom:video-decoder-ogg-theora: a1e56fd34408186e4bbccfd4996cb3dc -> 
  custom:container-muxer-webm: aa71ff27fc2769a1b78a27578f13a17b -> 
  custom:container-demuxer-webm: 4f35f7cbe854078d1ac9338744f61a02 -> 
  custom:container-demuxer-ogg: 62fdf1f143b41e24485cea50d1cbac27 -> 
  custom:video-encoder-webm-vp8: eb34c28f22e8b96e1ab97ce403110664 -> 
  custom:video-decoder-webm-vp8: 9c59270c3fd7afecdb556c50c9e8de78 -> 
  custom:audio-decoder-ogg-vorbis: bf7c407c2cedff20999df2af8eb42d56 -> 
  custom:audio-encoder-webm-vorbis: bf7c407c2cedff20999df2af8eb42d56 -> 
========================================================================
Received Prepare
Registering precompiled user dll's ...
Registered in 0.006155 seconds.
Begin MonoManager ReloadAssembly
Native extension for WindowsStandalone target not found
Refreshing native plugins compatible for Editor in 0.61 ms, found 3 plugins.
Preloading 0 native plugins for Editor in 0.00 ms.
Mono: successfully reloaded assembly
- Completed reload, in  1.542 seconds
Platform modules already initialized, skipping
Refreshing native plugins compatible for Editor in 0.69 ms, found 3 plugins.
Preloading 0 native plugins for Editor in 0.00 ms.
Unloading 2086 Unused Serialized files (Serialized files now loaded: 0)
System memory in use before: 96.0 MB.
System memory in use after: 96.1 MB.

Unloading 16 unused Assets to reduce memory usage. Loaded Objects now: 2614.
Total: 3.813800 ms (FindLiveObjects: 0.328700 ms CreateObjectMapping: 0.238500 ms MarkObjects: 3.211500 ms  DeleteObjects: 0.033400 ms)

AssetImportParameters requested are different than current active one (requested -> active):
  custom:framework-win-MediaFoundation: 216162199b28c13a410421893ffa2e32 -> 
  custom:video-decoder-ogg-theora: a1e56fd34408186e4bbccfd4996cb3dc -> 
  custom:container-muxer-webm: aa71ff27fc2769a1b78a27578f13a17b -> 
  custom:container-demuxer-webm: 4f35f7cbe854078d1ac9338744f61a02 -> 
  custom:container-demuxer-ogg: 62fdf1f143b41e24485cea50d1cbac27 -> 
  custom:video-encoder-webm-vp8: eb34c28f22e8b96e1ab97ce403110664 -> 
  custom:video-decoder-webm-vp8: 9c59270c3fd7afecdb556c50c9e8de78 -> 
  custom:audio-decoder-ogg-vorbis: bf7c407c2cedff20999df2af8eb42d56 -> 
  custom:audio-encoder-webm-vorbis: bf7c407c2cedff20999df2af8eb42d56 -> 
========================================================================
Received Import Request.
  Time since last request: 4902.458484 seconds.
  path: Assets/Nicholas/Scenes/Main.unity
  artifactKey: Guid(d444420065e228d42b34b0cd88d7f733) Importer(815301076,1909f56bfc062723c751e8b465ee728b)
Start importing Assets/Nicholas/Scenes/Main.unity using Guid(d444420065e228d42b34b0cd88d7f733) Importer(815301076,1909f56bfc062723c751e8b465ee728b)  -> (artifact id: 'ef15f966f99f72c52c45482692d9598b') in 0.028866 seconds 
  Import took 0.040399 seconds .

========================================================================
Received Import Request.
  Time since last request: 5.124125 seconds.
  path: Assets/Nicholas/Scenes/Main.unity
  artifactKey: Guid(d444420065e228d42b34b0cd88d7f733) Importer(815301076,1909f56bfc062723c751e8b465ee728b)
Start importing Assets/Nicholas/Scenes/Main.unity using Guid(d444420065e228d42b34b0cd88d7f733) Importer(815301076,1909f56bfc062723c751e8b465ee728b)  -> (artifact id: 'c42350f0afc1023681795862d66eb741') in 0.022519 seconds 
  Import took 0.037693 seconds .

========================================================================
Received Import Request.
  Time since last request: 265.852525 seconds.
  path: Assets/William/Scripts/Pause.cs
  artifactKey: Guid(d1c173b0699cd644f9a284145fd716b0) Importer(815301076,1909f56bfc062723c751e8b465ee728b)
Start importing Assets/William/Scripts/Pause.cs using Guid(d1c173b0699cd644f9a284145fd716b0) Importer(815301076,1909f56bfc062723c751e8b465ee728b)  -> (artifact id: 'e3cb05824934d27e3229377564d7d44c') in 0.048408 seconds 
  Import took 0.076190 seconds .

========================================================================
Received Import Request.
  Time since last request: 825.447372 seconds.
  path: Assets/PauseGame.cs
  artifactKey: Guid(c907658f32a8baa4ba45897feab3b0a4) Importer(815301076,1909f56bfc062723c751e8b465ee728b)
Start importing Assets/PauseGame.cs using Guid(c907658f32a8baa4ba45897feab3b0a4) Importer(815301076,1909f56bfc062723c751e8b465ee728b)  -> (artifact id: '3bf99e527360805e52e33f8184aeb6c1') in 0.023266 seconds 
  Import took 0.046358 seconds .

========================================================================
Received Import Request.
  Time since last request: 51.503844 seconds.
  path: Assets/PauseGame.cs
  artifactKey: Guid(c907658f32a8baa4ba45897feab3b0a4) Importer(815301076,1909f56bfc062723c751e8b465ee728b)
Start importing Assets/PauseGame.cs using Guid(c907658f32a8baa4ba45897feab3b0a4) Importer(815301076,1909f56bfc062723c751e8b465ee728b)  -> (artifact id: '809923cf6785b604a1a61fad1e54f896') in 0.022538 seconds 
  Import took 0.030255 seconds .

========================================================================
Received Import Request.
  Time since last request: 16.097191 seconds.
  path: Assets/Pause.cs
  artifactKey: Guid(45496c66184f97c4b844dcae60a01271) Importer(815301076,1909f56bfc062723c751e8b465ee728b)
Start importing Assets/Pause.cs using Guid(45496c66184f97c4b844dcae60a01271) Importer(815301076,1909f56bfc062723c751e8b465ee728b)  -> (artifact id: '0f1eec8a20143487c00bb20ded51543a') in 0.017341 seconds 
  Import took 0.026749 seconds .

========================================================================
Received Import Request.
  Time since last request: 135.440324 seconds.
  path: Assets/()Sections/Prefab01.prefab
  artifactKey: Guid(0e6122fc547880941b2cb9056bafb0fc) Importer(815301076,1909f56bfc062723c751e8b465ee728b)
Start importing Assets/()Sections/Prefab01.prefab using Guid(0e6122fc547880941b2cb9056bafb0fc) Importer(815301076,1909f56bfc062723c751e8b465ee728b)  -> (artifact id: 'b92ef714f41b578bf73db12da64edc90') in 0.267984 seconds 
  Import took 0.275021 seconds .

========================================================================
Received Import Request.
  Time since last request: 0.000274 seconds.
  path: Assets/()Sections/Prefab04.prefab
  artifactKey: Guid(9c525f35b710a6543a81ab9136894b6d) Importer(815301076,1909f56bfc062723c751e8b465ee728b)
Start importing Assets/()Sections/Prefab04.prefab using Guid(9c525f35b710a6543a81ab9136894b6d) Importer(815301076,1909f56bfc062723c751e8b465ee728b)  -> (artifact id: 'e61aa7bcdd7a3be8789db6213dc2c86e') in 0.060065 seconds 
  Import took 0.079037 seconds .

========================================================================
Received Import Request.
  Time since last request: 0.000255 seconds.
  path: Assets/()Sections/Prefab08.prefab
  artifactKey: Guid(718f97fd546e7f345a27a023255119f5) Importer(815301076,1909f56bfc062723c751e8b465ee728b)
Start importing Assets/()Sections/Prefab08.prefab using Guid(718f97fd546e7f345a27a023255119f5) Importer(815301076,1909f56bfc062723c751e8b465ee728b)  -> (artifact id: 'e965e0f8e56aae9169572286b532b2b0') in 0.038066 seconds 
  Import took 0.063700 seconds .

========================================================================
Received Import Request.
  Time since last request: 0.000320 seconds.
  path: Assets/()Sections/Prefab06.prefab
  artifactKey: Guid(6c2d158cec89eee45b2c458354914c84) Importer(815301076,1909f56bfc062723c751e8b465ee728b)
Start importing Assets/()Sections/Prefab06.prefab using Guid(6c2d158cec89eee45b2c458354914c84) Importer(815301076,1909f56bfc062723c751e8b465ee728b)  -> (artifact id: 'aa9469f9c8953b4b6de31a1486123c66') in 0.042835 seconds 
  Import took 0.064933 seconds .

========================================================================
Received Import Request.
  Time since last request: 0.000237 seconds.
  path: Assets/()Sections/Prefab03.prefab
  artifactKey: Guid(914e7d4dc83c7fb4f9f666f12fd63203) Importer(815301076,1909f56bfc062723c751e8b465ee728b)
Start importing Assets/()Sections/Prefab03.prefab using Guid(914e7d4dc83c7fb4f9f666f12fd63203) Importer(815301076,1909f56bfc062723c751e8b465ee728b)  -> (artifact id: '894e18a048c11ab84459f7aa837e2cb3') in 0.074294 seconds 
  Import took 0.146491 seconds .

========================================================================
Received Import Request.
  Time since last request: 0.000320 seconds.
  path: Assets/()Sections/Prefab10.prefab
  artifactKey: Guid(f8a03c171f5bd3442bb3c44026eaa68e) Importer(815301076,1909f56bfc062723c751e8b465ee728b)
Start importing Assets/()Sections/Prefab10.prefab using Guid(f8a03c171f5bd3442bb3c44026eaa68e) Importer(815301076,1909f56bfc062723c751e8b465ee728b)  -> (artifact id: '6d282d5ae53206ad01d758801ee20ca7') in 0.074107 seconds 
  Import took 0.085815 seconds .

========================================================================
Received Import Request.
  Time since last request: 0.000312 seconds.
  path: Assets/()Sections/Prefab02.prefab
  artifactKey: Guid(e2ea82c41a144224cb4ef660d14c1936) Importer(815301076,1909f56bfc062723c751e8b465ee728b)
Start importing Assets/()Sections/Prefab02.prefab using Guid(e2ea82c41a144224cb4ef660d14c1936) Importer(815301076,1909f56bfc062723c751e8b465ee728b)  -> (artifact id: 'feb2351dad713ca3a7a5ed794ecb8160') in 0.071950 seconds 
  Import took 0.080902 seconds .

========================================================================
Received Import Request.
  Time since last request: 0.000150 seconds.
  path: Assets/()Sections/Prefab07.prefab
  artifactKey: Guid(ca67fe2f3af6edb4db3bd261905c0936) Importer(815301076,1909f56bfc062723c751e8b465ee728b)
Start importing Assets/()Sections/Prefab07.prefab using Guid(ca67fe2f3af6edb4db3bd261905c0936) Importer(815301076,1909f56bfc062723c751e8b465ee728b)  -> (artifact id: '273d5c2f08c6cd99765ed7da86ff55e0') in 0.039869 seconds 
  Import took 0.051725 seconds .

========================================================================
Received Import Request.
  Time since last request: 0.000267 seconds.
  path: Assets/()Sections/Prefab02.prefab
  artifactKey: Guid(e2ea82c41a144224cb4ef660d14c1936) Importer(815301076,1909f56bfc062723c751e8b465ee728b)
Start importing Assets/()Sections/Prefab02.prefab using Guid(e2ea82c41a144224cb4ef660d14c1936) Importer(815301076,1909f56bfc062723c751e8b465ee728b)  -> (artifact id: 'feb2351dad713ca3a7a5ed794ecb8160') in 0.028483 seconds 
  Import took 0.035867 seconds .

========================================================================
Received Import Request.
  Time since last request: 0.000256 seconds.
  path: Assets/()Sections/Prefab09.prefab
  artifactKey: Guid(e043b06ef130a824099b25175a390e8a) Importer(815301076,1909f56bfc062723c751e8b465ee728b)
Start importing Assets/()Sections/Prefab09.prefab using Guid(e043b06ef130a824099b25175a390e8a) Importer(815301076,1909f56bfc062723c751e8b465ee728b)  -> (artifact id: 'fe4a0a3d876c8ae00f918ab6b6517b9c') in 0.043713 seconds 
  Import took 0.089009 seconds .

========================================================================
Received Import Request.
  Time since last request: 0.000237 seconds.
  path: Assets/()Sections/Prefab05.prefab
  artifactKey: Guid(936434c182d5aa54aba099df34c452b4) Importer(815301076,1909f56bfc062723c751e8b465ee728b)
Start importing Assets/()Sections/Prefab05.prefab using Guid(936434c182d5aa54aba099df34c452b4) Importer(815301076,1909f56bfc062723c751e8b465ee728b)  -> (artifact id: '46b9de7612ededaa0f249112383a9a2f') in 0.040666 seconds 
  Import took 0.061464 seconds .

========================================================================
Received Import Request.
  Time since last request: 0.008563 seconds.
  path: Assets/()Sections/Prefab05.prefab
  artifactKey: Guid(936434c182d5aa54aba099df34c452b4) Importer(815301076,1909f56bfc062723c751e8b465ee728b)
Start importing Assets/()Sections/Prefab05.prefab using Guid(936434c182d5aa54aba099df34c452b4) Importer(815301076,1909f56bfc062723c751e8b465ee728b)  -> (artifact id: '46b9de7612ededaa0f249112383a9a2f') in 0.065046 seconds 
  Import took 0.072728 seconds .

========================================================================
Received Prepare
Registering precompiled user dll's ...
Registered in 0.009836 seconds.
Begin MonoManager ReloadAssembly
Native extension for WindowsStandalone target not found
Refreshing native plugins compatible for Editor in 0.61 ms, found 3 plugins.
Preloading 0 native plugins for Editor in 0.00 ms.
Mono: successfully reloaded assembly
- Completed reload, in  1.709 seconds
Platform modules already initialized, skipping
Refreshing native plugins compatible for Editor in 0.63 ms, found 3 plugins.
Preloading 0 native plugins for Editor in 0.00 ms.
Unloading 2086 Unused Serialized files (Serialized files now loaded: 0)
System memory in use before: 96.2 MB.
System memory in use after: 96.3 MB.

Unloading 16 unused Assets to reduce memory usage. Loaded Objects now: 2621.
Total: 3.579100 ms (FindLiveObjects: 0.440600 ms CreateObjectMapping: 0.210400 ms MarkObjects: 2.825300 ms  DeleteObjects: 0.100200 ms)

AssetImportParameters requested are different than current active one (requested -> active):
  custom:framework-win-MediaFoundation: 216162199b28c13a410421893ffa2e32 -> 
  custom:video-decoder-ogg-theora: a1e56fd34408186e4bbccfd4996cb3dc -> 
  custom:container-muxer-webm: aa71ff27fc2769a1b78a27578f13a17b -> 
  custom:container-demuxer-webm: 4f35f7cbe854078d1ac9338744f61a02 -> 
  custom:container-demuxer-ogg: 62fdf1f143b41e24485cea50d1cbac27 -> 
  custom:video-encoder-webm-vp8: eb34c28f22e8b96e1ab97ce403110664 -> 
  custom:video-decoder-webm-vp8: 9c59270c3fd7afecdb556c50c9e8de78 -> 
  custom:audio-decoder-ogg-vorbis: bf7c407c2cedff20999df2af8eb42d56 -> 
  custom:audio-encoder-webm-vorbis: bf7c407c2cedff20999df2af8eb42d56 -> 
========================================================================
Received Prepare
Registering precompiled user dll's ...
Registered in 0.007225 seconds.
Begin MonoManager ReloadAssembly
Native extension for WindowsStandalone target not found
Refreshing native plugins compatible for Editor in 0.56 ms, found 3 plugins.
Preloading 0 native plugins for Editor in 0.00 ms.
Mono: successfully reloaded assembly
- Completed reload, in  1.649 seconds
Platform modules already initialized, skipping
Refreshing native plugins compatible for Editor in 0.64 ms, found 3 plugins.
Preloading 0 native plugins for Editor in 0.00 ms.
Unloading 2086 Unused Serialized files (Serialized files now loaded: 0)
System memory in use before: 96.2 MB.
System memory in use after: 96.3 MB.

Unloading 16 unused Assets to reduce memory usage. Loaded Objects now: 2624.
Total: 3.546700 ms (FindLiveObjects: 0.310200 ms CreateObjectMapping: 0.202600 ms MarkObjects: 3.006500 ms  DeleteObjects: 0.025600 ms)

AssetImportParameters requested are different than current active one (requested -> active):
  custom:framework-win-MediaFoundation: 216162199b28c13a410421893ffa2e32 -> 
  custom:video-decoder-ogg-theora: a1e56fd34408186e4bbccfd4996cb3dc -> 
  custom:container-muxer-webm: aa71ff27fc2769a1b78a27578f13a17b -> 
  custom:container-demuxer-webm: 4f35f7cbe854078d1ac9338744f61a02 -> 
  custom:container-demuxer-ogg: 62fdf1f143b41e24485cea50d1cbac27 -> 
  custom:video-encoder-webm-vp8: eb34c28f22e8b96e1ab97ce403110664 -> 
  custom:video-decoder-webm-vp8: 9c59270c3fd7afecdb556c50c9e8de78 -> 
  custom:audio-decoder-ogg-vorbis: bf7c407c2cedff20999df2af8eb42d56 -> 
  custom:audio-encoder-webm-vorbis: bf7c407c2cedff20999df2af8eb42d56 -> 
========================================================================
Received Import Request.
  Time since last request: 196.958986 seconds.
  path: Assets/William/Scripts/Pause.cs
  artifactKey: Guid(d1c173b0699cd644f9a284145fd716b0) Importer(815301076,1909f56bfc062723c751e8b465ee728b)
Start importing Assets/William/Scripts/Pause.cs using Guid(d1c173b0699cd644f9a284145fd716b0) Importer(815301076,1909f56bfc062723c751e8b465ee728b)  -> (artifact id: '12904dd321254ef173bbbdf537c52b67') in 0.008480 seconds 
  Import took 0.014178 seconds .

========================================================================
Received Prepare
Registering precompiled user dll's ...
Registered in 0.006655 seconds.
Begin MonoManager ReloadAssembly
Native extension for WindowsStandalone target not found
Refreshing native plugins compatible for Editor in 0.74 ms, found 3 plugins.
Preloading 0 native plugins for Editor in 0.00 ms.
Mono: successfully reloaded assembly
- Completed reload, in  1.484 seconds
Platform modules already initialized, skipping
Refreshing native plugins compatible for Editor in 0.61 ms, found 3 plugins.
Preloading 0 native plugins for Editor in 0.00 ms.
Unloading 2086 Unused Serialized files (Serialized files now loaded: 0)
System memory in use before: 96.2 MB.
System memory in use after: 96.3 MB.

Unloading 16 unused Assets to reduce memory usage. Loaded Objects now: 2627.
Total: 3.561000 ms (FindLiveObjects: 0.304300 ms CreateObjectMapping: 0.203600 ms MarkObjects: 3.025100 ms  DeleteObjects: 0.026300 ms)

AssetImportParameters requested are different than current active one (requested -> active):
  custom:framework-win-MediaFoundation: 216162199b28c13a410421893ffa2e32 -> 
  custom:video-decoder-ogg-theora: a1e56fd34408186e4bbccfd4996cb3dc -> 
  custom:container-muxer-webm: aa71ff27fc2769a1b78a27578f13a17b -> 
  custom:container-demuxer-webm: 4f35f7cbe854078d1ac9338744f61a02 -> 
  custom:container-demuxer-ogg: 62fdf1f143b41e24485cea50d1cbac27 -> 
  custom:video-encoder-webm-vp8: eb34c28f22e8b96e1ab97ce403110664 -> 
  custom:video-decoder-webm-vp8: 9c59270c3fd7afecdb556c50c9e8de78 -> 
  custom:audio-decoder-ogg-vorbis: bf7c407c2cedff20999df2af8eb42d56 -> 
  custom:audio-encoder-webm-vorbis: bf7c407c2cedff20999df2af8eb42d56 -> 
========================================================================
Received Import Request.
  Time since last request: 69.227897 seconds.
  path: Assets/William/pause screen.prefab
  artifactKey: Guid(6479b56ed86c28e4599c7b3cbec800a0) Importer(815301076,1909f56bfc062723c751e8b465ee728b)
Start importing Assets/William/pause screen.prefab using Guid(6479b56ed86c28e4599c7b3cbec800a0) Importer(815301076,1909f56bfc062723c751e8b465ee728b)  -> (artifact id: '335aff31238ea22fd4063aa50fa4a36d') in 0.110167 seconds 
  Import took 0.126652 seconds .

